<?xml version="1.0" encoding="UTF-8"?>
<testng-results ignored="0" total="1" passed="1" failed="0" skipped="0">
  <reporter-output>
  </reporter-output>
  <suite started-at="2022-04-16T14:25:34Z" name="Default suite" finished-at="2022-04-16T14:25:34Z" duration-ms="99">
    <groups>
    </groups>
    <test started-at="2022-04-16T14:25:34Z" name="Default test" finished-at="2022-04-16T14:25:34Z" duration-ms="99">
      <class name="com.crm.TestNG.Sample1Test">
        <test-method signature="modTest()[pri:0, instance:com.crm.TestNG.Sample1Test@59e32960]" started-at="2022-04-16T14:25:34Z" name="modTest" finished-at="2022-04-16T14:25:34Z" duration-ms="31" status="PASS">
          <reporter-output>
          </reporter-output>
        </test-method> <!-- modTest -->
      </class> <!-- com.crm.TestNG.Sample1Test -->
    </test> <!-- Default test -->
  </suite> <!-- Default suite -->
</testng-results>
